[localhost_7200/apple-icon-57x57.png]
[localhost_7200/apple-icon-60x60.png]
[localhost_7200/apple-icon-72x72.png]
[localhost_7200/apple-icon-76x76.png]
[localhost_7200/apple-icon-114x114.png]
[localhost_7200/apple-icon-120x120.png]
[localhost_7200/apple-icon-144x144.png]
[localhost_7200/apple-icon-152x152.png]
[localhost_7200/apple-icon-180x180.png]
[localhost_7200/android-icon-192x192.png]
[localhost_7200/favicon-32x32.png]
[localhost_7200/favicon-96x96.png]
[localhost_7200/favicon-16x16.png]
[localhost_7200/manifest.json]
[localhost_7200/ms-icon-144x144.png]
[stackpath.bootstrapcdn.com/bootstrap/4.1.0/css/bootstrap.min.css]
[use.fontawesome.com/releases/v5.0.13/css/all.css]
[code.jquery.com/jquery-3.3.1.min.js]
[backblue.gif]
[fade.gif]
[index.html]
[localhost_7200/img/Account-Optimizer.png]
[localhost_7200/img/home.jpg]
[localhost_7200/img/02.jpg]
[localhost_7200/index.html]
